[debug] [2018-01-26T19:42:45.060Z] ----------------------------------------------------------------------
[debug] [2018-01-26T19:42:45.062Z] Command:       /usr/local/bin/node /usr/local/bin/firebase serve --only functions
[debug] [2018-01-26T19:42:45.062Z] CLI Version:   3.17.4
[debug] [2018-01-26T19:42:45.062Z] Platform:      darwin
[debug] [2018-01-26T19:42:45.062Z] Node Version:  v9.2.1
[debug] [2018-01-26T19:42:45.063Z] Time:          Fri Jan 26 2018 14:42:45 GMT-0500 (EST)
[debug] [2018-01-26T19:42:45.063Z] ----------------------------------------------------------------------
[debug] 
[debug] [2018-01-26T19:42:45.074Z] > command requires scopes: ["email","openid","https://www.googleapis.com/auth/cloudplatformprojects.readonly","https://www.googleapis.com/auth/firebase","https://www.googleapis.com/auth/cloud-platform"]
[debug] [2018-01-26T19:42:45.074Z] > authorizing via signed-in user
[debug] [2018-01-26T19:42:45.076Z] >>> HTTP REQUEST GET https://admin.firebase.com/v1/projects/edabot-1d58a  
  
 Fri Jan 26 2018 14:42:45 GMT-0500 (EST)
[debug] [2018-01-26T19:42:45.365Z] <<< HTTP RESPONSE 200
[debug] [2018-01-26T19:42:45.366Z] >>> HTTP REQUEST GET https://admin.firebase.com/v1/database/edabot-1d58a/tokens  
  
 Fri Jan 26 2018 14:42:45 GMT-0500 (EST)
[debug] [2018-01-26T19:42:45.799Z] <<< HTTP RESPONSE 200
[info] 
[info] === Serving from '/Users/edlewis/sites/edabot'...
[info] 
[info] i  functions: Preparing to emulate functions.
[debug] [2018-01-26T19:42:46.784Z] Fetching environment
[debug] [2018-01-26T19:42:46.785Z] >>> HTTP REQUEST GET https://appengine.googleapis.com/v1/apps/edabot-1d58a  
  
 Fri Jan 26 2018 14:42:46 GMT-0500 (EST)
[debug] [2018-01-26T19:42:46.785Z] >>> HTTP REQUEST GET https://apikeys.googleapis.com/v1/projects/edabot-1d58a/apiKeys  
  
 Fri Jan 26 2018 14:42:46 GMT-0500 (EST)
[debug] [2018-01-26T19:42:47.132Z] <<< HTTP RESPONSE 200
[debug] [2018-01-26T19:42:47.152Z] <<< HTTP RESPONSE 200
[debug] [2018-01-26T19:42:47.153Z] Starting @google-cloud/functions-emulator
[debug] [2018-01-26T19:42:48.701Z] Parsing function triggers
[info] ✔  functions: posts: http://localhost:5000/edabot-1d58a/us-central1/posts
